<?xml version="1.0" encoding="UTF-8"?>
<!-- Generated by org.testng.reporters.JUnitReportReporter -->
<testsuite hostname="sairam-PC" name="com.azure.DeviceTest" tests="4" failures="0" timestamp="6 Mar 2017 16:21:15 GMT" time="17.823" errors="0">
  <testcase name="verifydropdwonval" time="0.243" classname="com.azure.DeviceTest"/>
  <testcase name="verifySearchHint" time="0.031" classname="com.azure.DeviceTest"/>
  <testcase name="loginTest" time="0.800" classname="com.azure.DeviceTest"/>
  <testcase name="verifySortDefalutVal" time="16.749" classname="com.azure.DeviceTest"/>
</testsuite> <!-- com.azure.DeviceTest -->
